<?xml version="1.0" encoding="UTF-8"?>
<testng-results ignored="0" total="6" passed="6" failed="0" skipped="0">
  <reporter-output>
  </reporter-output>
  <suite started-at="2024-05-14T18:36:14 IST" name="Default suite" finished-at="2024-05-14T18:36:32 IST" duration-ms="17408">
    <groups>
      <group name="cucumber">
        <method signature="AbstractTestNGCucumberTests.runScenario(io.cucumber.testng.PickleWrapper,io.cucumber.testng.FeatureWrapper)[pri:0, instance:cucumber.runner.ChangeRequestRunner@242b836]" name="runScenario" class="io.cucumber.testng.AbstractTestNGCucumberTests"/>
      </group> <!-- cucumber -->
    </groups>
    <test started-at="2024-05-14T18:36:14 IST" name="Default test" finished-at="2024-05-14T18:36:32 IST" duration-ms="17408">
      <class name="cucumber.runner.ChangeRequestRunner">
        <test-method is-config="true" signature="setUpClass(org.testng.ITestContext)[pri:0, instance:cucumber.runner.ChangeRequestRunner@242b836]" started-at="2024-05-14T18:36:14 IST" name="setUpClass" finished-at="2024-05-14T18:36:14 IST" duration-ms="188" status="PASS">
          <params>
            <param index="0">
              <value>
                <![CDATA[org.testng.TestRunner@5e67a490]]>
              </value>
            </param>
          </params>
          <reporter-output>
          </reporter-output>
        </test-method> <!-- setUpClass -->
        <test-method signature="runScenario(io.cucumber.testng.PickleWrapper,io.cucumber.testng.FeatureWrapper)[pri:0, instance:cucumber.runner.ChangeRequestRunner@242b836]" started-at="2024-05-14T18:36:14 IST" name="runScenario" description="Runs Cucumber Scenarios" data-provider="scenarios" finished-at="2024-05-14T18:36:18 IST" duration-ms="4050" status="PASS">
          <params>
            <param index="0">
              <value>
                <![CDATA["TS_001_Get All Change Request"]]>
              </value>
            </param>
            <param index="1">
              <value>
                <![CDATA["Change Request Module"]]>
              </value>
            </param>
          </params>
          <reporter-output>
          </reporter-output>
        </test-method> <!-- runScenario -->
        <test-method signature="runScenario(io.cucumber.testng.PickleWrapper,io.cucumber.testng.FeatureWrapper)[pri:0, instance:cucumber.runner.ChangeRequestRunner@242b836]" started-at="2024-05-14T18:36:19 IST" name="runScenario" description="Runs Cucumber Scenarios" data-provider="scenarios" finished-at="2024-05-14T18:36:21 IST" duration-ms="2752" status="PASS">
          <params>
            <param index="0">
              <value>
                <![CDATA["TS_002_Create a New Change Request"]]>
              </value>
            </param>
            <param index="1">
              <value>
                <![CDATA["Change Request Module"]]>
              </value>
            </param>
          </params>
          <reporter-output>
          </reporter-output>
        </test-method> <!-- runScenario -->
        <test-method signature="runScenario(io.cucumber.testng.PickleWrapper,io.cucumber.testng.FeatureWrapper)[pri:0, instance:cucumber.runner.ChangeRequestRunner@242b836]" started-at="2024-05-14T18:36:21 IST" name="runScenario" description="Runs Cucumber Scenarios" data-provider="scenarios" finished-at="2024-05-14T18:36:24 IST" duration-ms="2359" status="PASS">
          <params>
            <param index="0">
              <value>
                <![CDATA["TS_002_Create a New Change Request"]]>
              </value>
            </param>
            <param index="1">
              <value>
                <![CDATA["Change Request Module"]]>
              </value>
            </param>
          </params>
          <reporter-output>
          </reporter-output>
        </test-method> <!-- runScenario -->
        <test-method signature="runScenario(io.cucumber.testng.PickleWrapper,io.cucumber.testng.FeatureWrapper)[pri:0, instance:cucumber.runner.ChangeRequestRunner@242b836]" started-at="2024-05-14T18:36:24 IST" name="runScenario" description="Runs Cucumber Scenarios" data-provider="scenarios" finished-at="2024-05-14T18:36:26 IST" duration-ms="2380" status="PASS">
          <params>
            <param index="0">
              <value>
                <![CDATA["TS_003_Update the existing Change Request"]]>
              </value>
            </param>
            <param index="1">
              <value>
                <![CDATA["Change Request Module"]]>
              </value>
            </param>
          </params>
          <reporter-output>
          </reporter-output>
        </test-method> <!-- runScenario -->
        <test-method signature="runScenario(io.cucumber.testng.PickleWrapper,io.cucumber.testng.FeatureWrapper)[pri:0, instance:cucumber.runner.ChangeRequestRunner@242b836]" started-at="2024-05-14T18:36:26 IST" name="runScenario" description="Runs Cucumber Scenarios" data-provider="scenarios" finished-at="2024-05-14T18:36:28 IST" duration-ms="2346" status="PASS">
          <params>
            <param index="0">
              <value>
                <![CDATA["TS_003_Update the existing Change Request"]]>
              </value>
            </param>
            <param index="1">
              <value>
                <![CDATA["Change Request Module"]]>
              </value>
            </param>
          </params>
          <reporter-output>
          </reporter-output>
        </test-method> <!-- runScenario -->
        <test-method signature="runScenario(io.cucumber.testng.PickleWrapper,io.cucumber.testng.FeatureWrapper)[pri:0, instance:cucumber.runner.ChangeRequestRunner@242b836]" started-at="2024-05-14T18:36:28 IST" name="runScenario" description="Runs Cucumber Scenarios" data-provider="scenarios" finished-at="2024-05-14T18:36:32 IST" duration-ms="3294" status="PASS">
          <params>
            <param index="0">
              <value>
                <![CDATA["TS_004_Delete Change request"]]>
              </value>
            </param>
            <param index="1">
              <value>
                <![CDATA["Change Request Module"]]>
              </value>
            </param>
          </params>
          <reporter-output>
          </reporter-output>
        </test-method> <!-- runScenario -->
        <test-method is-config="true" signature="tearDownClass()[pri:0, instance:cucumber.runner.ChangeRequestRunner@242b836]" started-at="2024-05-14T18:36:32 IST" name="tearDownClass" finished-at="2024-05-14T18:36:32 IST" duration-ms="2" status="PASS">
          <reporter-output>
          </reporter-output>
        </test-method> <!-- tearDownClass -->
      </class> <!-- cucumber.runner.ChangeRequestRunner -->
    </test> <!-- Default test -->
  </suite> <!-- Default suite -->
</testng-results>
